{"meta": {"format": 3, "version": "7.10.7", "timestamp": "2025-10-31T15:29:37.579130", "branch_coverage": false, "show_contexts": false}, "files": {"src\\config\\paths.py": {"executed_lines": [1, 10], "summary": {"covered_lines": 2, "num_statements": 2, "percent_covered": 100.0, "percent_covered_display": "100", "missing_lines": 0, "excluded_lines": 0}, "missing_lines": [], "excluded_lines": [], "functions": {"": {"executed_lines": [1, 10], "summary": {"covered_lines": 2, "num_statements": 2, "percent_covered": 100.0, "percent_covered_display": "100", "missing_lines": 0, "excluded_lines": 0}, "missing_lines": [], "excluded_lines": []}}, "classes": {"": {"executed_lines": [1, 10], "summary": {"covered_lines": 2, "num_statements": 2, "percent_covered": 100.0, "percent_covered_display": "100", "missing_lines": 0, "excluded_lines": 0}, "missing_lines": [], "excluded_lines": []}}}, "src\\experiments.py": {"executed_lines": [], "summary": {"covered_lines": 0, "num_statements": 169, "percent_covered": 0.0, "percent_covered_display": "0", "missing_lines": 169, "excluded_lines": 0}, "missing_lines": [1, 2, 3, 4, 5, 6, 7, 8, 14, 15, 16, 17, 18, 19, 20, 21, 22, 23, 25, 26, 27, 29, 30, 31, 33, 34, 35, 37, 38, 39, 42, 45, 46, 47, 49, 50, 51, 52, 53, 55, 56, 58, 61, 66, 67, 68, 69, 70, 71, 72, 74, 77, 79, 80, 81, 82, 83, 84, 86, 89, 90, 91, 95, 96, 98, 102, 106, 107, 108, 109, 110, 112, 113, 114, 115, 116, 117, 119, 120, 123, 124, 125, 126, 127, 128, 130, 138, 141, 142, 143, 146, 148, 150, 151, 154, 158, 159, 161, 162, 164, 173, 176, 177, 178, 180, 181, 182, 183, 185, 186, 189, 190, 191, 194, 195, 196, 197, 198, 199, 200, 201, 202, 203, 204, 206, 207, 208, 209, 210, 211, 213, 214, 216, 217, 219, 223, 226, 229, 230, 233, 234, 239, 240, 248, 249, 258, 259, 260, 261, 264, 266, 267, 268, 270, 271, 273, 274, 275, 283, 284, 286, 287, 294, 297, 298, 300, 303, 306, 307], "excluded_lines": [], "functions": {"setup_tracking": {"executed_lines": [], "summary": {"covered_lines": 0, "num_statements": 46, "percent_covered": 0.0, "percent_covered_display": "0", "missing_lines": 46, "excluded_lines": 0}, "missing_lines": [46, 47, 49, 50, 51, 52, 53, 55, 58, 61, 66, 67, 68, 69, 70, 71, 72, 74, 77, 79, 80, 81, 82, 83, 84, 86, 89, 90, 91, 95, 96, 98, 102, 106, 107, 108, 109, 110, 112, 113, 114, 115, 116, 117, 119, 120], "excluded_lines": []}, "setup_tracking._truthy": {"executed_lines": [], "summary": {"covered_lines": 0, "num_statements": 1, "percent_covered": 0.0, "percent_covered_display": "0", "missing_lines": 1, "excluded_lines": 0}, "missing_lines": [56], "excluded_lines": []}, "_synthetic_df": {"executed_lines": [], "summary": {"covered_lines": 0, "num_statements": 7, "percent_covered": 0.0, "percent_covered_display": "0", "missing_lines": 7, "excluded_lines": 0}, "missing_lines": [124, 125, 126, 127, 128, 130, 138], "excluded_lines": []}, "load_and_prepare_data": {"executed_lines": [], "summary": {"covered_lines": 0, "num_statements": 13, "percent_covered": 0.0, "percent_covered_display": "0", "missing_lines": 13, "excluded_lines": 0}, "missing_lines": [142, 143, 146, 148, 150, 151, 154, 158, 159, 161, 162, 164, 173], "excluded_lines": []}, "evaluate_model": {"executed_lines": [], "summary": {"covered_lines": 0, "num_statements": 8, "percent_covered": 0.0, "percent_covered_display": "0", "missing_lines": 8, "excluded_lines": 0}, "missing_lines": [177, 178, 180, 181, 182, 183, 185, 186], "excluded_lines": []}, "main": {"executed_lines": [], "summary": {"covered_lines": 0, "num_statements": 56, "percent_covered": 0.0, "percent_covered_display": "0", "missing_lines": 56, "excluded_lines": 0}, "missing_lines": [190, 191, 194, 195, 196, 197, 198, 199, 200, 201, 202, 203, 204, 206, 207, 208, 209, 210, 211, 213, 214, 216, 217, 219, 223, 226, 229, 230, 233, 234, 239, 240, 248, 249, 258, 259, 260, 261, 264, 266, 267, 268, 270, 271, 273, 274, 275, 283, 284, 286, 287, 294, 297, 298, 300, 303], "excluded_lines": []}, "": {"executed_lines": [], "summary": {"covered_lines": 0, "num_statements": 38, "percent_covered": 0.0, "percent_covered_display": "0", "missing_lines": 38, "excluded_lines": 0}, "missing_lines": [1, 2, 3, 4, 5, 6, 7, 8, 14, 15, 16, 17, 18, 19, 20, 21, 22, 23, 25, 26, 27, 29, 30, 31, 33, 34, 35, 37, 38, 39, 42, 45, 123, 141, 176, 189, 306, 307], "excluded_lines": []}}, "classes": {"": {"executed_lines": [], "summary": {"covered_lines": 0, "num_statements": 169, "percent_covered": 0.0, "percent_covered_display": "0", "missing_lines": 169, "excluded_lines": 0}, "missing_lines": [1, 2, 3, 4, 5, 6, 7, 8, 14, 15, 16, 17, 18, 19, 20, 21, 22, 23, 25, 26, 27, 29, 30, 31, 33, 34, 35, 37, 38, 39, 42, 45, 46, 47, 49, 50, 51, 52, 53, 55, 56, 58, 61, 66, 67, 68, 69, 70, 71, 72, 74, 77, 79, 80, 81, 82, 83, 84, 86, 89, 90, 91, 95, 96, 98, 102, 106, 107, 108, 109, 110, 112, 113, 114, 115, 116, 117, 119, 120, 123, 124, 125, 126, 127, 128, 130, 138, 141, 142, 143, 146, 148, 150, 151, 154, 158, 159, 161, 162, 164, 173, 176, 177, 178, 180, 181, 182, 183, 185, 186, 189, 190, 191, 194, 195, 196, 197, 198, 199, 200, 201, 202, 203, 204, 206, 207, 208, 209, 210, 211, 213, 214, 216, 217, 219, 223, 226, 229, 230, 233, 234, 239, 240, 248, 249, 258, 259, 260, 261, 264, 266, 267, 268, 270, 271, 273, 274, 275, 283, 284, 286, 287, 294, 297, 298, 300, 303, 306, 307], "excluded_lines": []}}}, "src\\projeto_maximizacao_receita\\__init__.py": {"executed_lines": [1], "summary": {"covered_lines": 0, "num_statements": 0, "percent_covered": 100.0, "percent_covered_display": "100", "missing_lines": 0, "excluded_lines": 0}, "missing_lines": [], "excluded_lines": [], "functions": {"": {"executed_lines": [1], "summary": {"covered_lines": 0, "num_statements": 0, "percent_covered": 100.0, "percent_covered_display": "100", "missing_lines": 0, "excluded_lines": 0}, "missing_lines": [], "excluded_lines": []}}, "classes": {"": {"executed_lines": [1], "summary": {"covered_lines": 0, "num_statements": 0, "percent_covered": 100.0, "percent_covered_display": "100", "missing_lines": 0, "excluded_lines": 0}, "missing_lines": [], "excluded_lines": []}}}, "src\\projeto_maximizacao_receita\\config\\__init__.py": {"executed_lines": [1], "summary": {"covered_lines": 0, "num_statements": 0, "percent_covered": 100.0, "percent_covered_display": "100", "missing_lines": 0, "excluded_lines": 0}, "missing_lines": [], "excluded_lines": [], "functions": {"": {"executed_lines": [1], "summary": {"covered_lines": 0, "num_statements": 0, "percent_covered": 100.0, "percent_covered_display": "100", "missing_lines": 0, "excluded_lines": 0}, "missing_lines": [], "excluded_lines": []}}, "classes": {"": {"executed_lines": [1], "summary": {"covered_lines": 0, "num_statements": 0, "percent_covered": 100.0, "percent_covered_display": "100", "missing_lines": 0, "excluded_lines": 0}, "missing_lines": [], "excluded_lines": []}}}, "src\\projeto_maximizacao_receita\\config\\paths.py": {"executed_lines": [1, 4, 6, 7, 8, 10, 11, 14, 15, 18, 21, 25, 26], "summary": {"covered_lines": 13, "num_statements": 14, "percent_covered": 92.85714285714286, "percent_covered_display": "93", "missing_lines": 1, "excluded_lines": 0}, "missing_lines": [9], "excluded_lines": [], "functions": {"get_project_root": {"executed_lines": [6, 7, 8, 10, 11], "summary": {"covered_lines": 5, "num_statements": 6, "percent_covered": 83.33333333333333, "percent_covered_display": "83", "missing_lines": 1, "excluded_lines": 0}, "missing_lines": [9], "excluded_lines": []}, "": {"executed_lines": [1, 4, 14, 15, 18, 21, 25, 26], "summary": {"covered_lines": 8, "num_statements": 8, "percent_covered": 100.0, "percent_covered_display": "100", "missing_lines": 0, "excluded_lines": 0}, "missing_lines": [], "excluded_lines": []}}, "classes": {"": {"executed_lines": [1, 4, 6, 7, 8, 10, 11, 14, 15, 18, 21, 25, 26], "summary": {"covered_lines": 13, "num_statements": 14, "percent_covered": 92.85714285714286, "percent_covered_display": "93", "missing_lines": 1, "excluded_lines": 0}, "missing_lines": [9], "excluded_lines": []}}}, "src\\projeto_maximizacao_receita\\ml\\__init__.py": {"executed_lines": [], "summary": {"covered_lines": 0, "num_statements": 0, "percent_covered": 100.0, "percent_covered_display": "100", "missing_lines": 0, "excluded_lines": 0}, "missing_lines": [], "excluded_lines": [], "functions": {"": {"executed_lines": [], "summary": {"covered_lines": 0, "num_statements": 0, "percent_covered": 100.0, "percent_covered_display": "100", "missing_lines": 0, "excluded_lines": 0}, "missing_lines": [], "excluded_lines": []}}, "classes": {"": {"executed_lines": [], "summary": {"covered_lines": 0, "num_statements": 0, "percent_covered": 100.0, "percent_covered_display": "100", "missing_lines": 0, "excluded_lines": 0}, "missing_lines": [], "excluded_lines": []}}}, "src\\projeto_maximizacao_receita\\ml\\auxiliares_ml.py": {"executed_lines": [], "summary": {"covered_lines": 0, "num_statements": 34, "percent_covered": 0.0, "percent_covered_display": "0", "missing_lines": 34, "excluded_lines": 0}, "missing_lines": [1, 2, 3, 4, 5, 6, 7, 8, 9, 10, 11, 16, 31, 48, 49, 52, 57, 58, 60, 62, 63, 64, 69, 70, 72, 75, 79, 95, 106, 109, 110, 113, 114, 116], "excluded_lines": [], "functions": {"testar_modelos_com_undersampling": {"executed_lines": [], "summary": {"covered_lines": 0, "num_statements": 15, "percent_covered": 0.0, "percent_covered_display": "0", "missing_lines": 15, "excluded_lines": 0}, "missing_lines": [31, 48, 49, 52, 57, 58, 60, 62, 63, 64, 69, 70, 72, 75, 79], "excluded_lines": []}, "downcast_dataframe": {"executed_lines": [], "summary": {"covered_lines": 0, "num_statements": 6, "percent_covered": 0.0, "percent_covered_display": "0", "missing_lines": 6, "excluded_lines": 0}, "missing_lines": [106, 109, 110, 113, 114, 116], "excluded_lines": []}, "": {"executed_lines": [], "summary": {"covered_lines": 0, "num_statements": 13, "percent_covered": 0.0, "percent_covered_display": "0", "missing_lines": 13, "excluded_lines": 0}, "missing_lines": [1, 2, 3, 4, 5, 6, 7, 8, 9, 10, 11, 16, 95], "excluded_lines": []}}, "classes": {"": {"executed_lines": [], "summary": {"covered_lines": 0, "num_statements": 34, "percent_covered": 0.0, "percent_covered_display": "0", "missing_lines": 34, "excluded_lines": 0}, "missing_lines": [1, 2, 3, 4, 5, 6, 7, 8, 9, 10, 11, 16, 31, 48, 49, 52, 57, 58, 60, 62, 63, 64, 69, 70, 72, 75, 79, 95, 106, 109, 110, 113, 114, 116], "excluded_lines": []}}}, "src\\projeto_maximizacao_receita\\ml\\modelos.py": {"executed_lines": [], "summary": {"covered_lines": 0, "num_statements": 28, "percent_covered": 0.0, "percent_covered_display": "0", "missing_lines": 28, "excluded_lines": 0}, "missing_lines": [1, 2, 3, 4, 6, 9, 18, 20, 22, 34, 37, 38, 39, 41, 43, 44, 48, 49, 52, 53, 54, 58, 62, 66, 67, 68, 69, 71], "excluded_lines": [], "functions": {"treinar_e_validar_modelo_regressao": {"executed_lines": [], "summary": {"covered_lines": 0, "num_statements": 4, "percent_covered": 0.0, "percent_covered_display": "0", "missing_lines": 4, "excluded_lines": 0}, "missing_lines": [18, 20, 22, 34], "excluded_lines": []}, "construir_pipeline_modelo": {"executed_lines": [], "summary": {"covered_lines": 0, "num_statements": 7, "percent_covered": 0.0, "percent_covered_display": "0", "missing_lines": 7, "excluded_lines": 0}, "missing_lines": [38, 39, 41, 43, 44, 48, 49], "excluded_lines": []}, "organiza_resultados": {"executed_lines": [], "summary": {"covered_lines": 0, "num_statements": 9, "percent_covered": 0.0, "percent_covered_display": "0", "missing_lines": 9, "excluded_lines": 0}, "missing_lines": [53, 54, 58, 62, 66, 67, 68, 69, 71], "excluded_lines": []}, "": {"executed_lines": [], "summary": {"covered_lines": 0, "num_statements": 8, "percent_covered": 0.0, "percent_covered_display": "0", "missing_lines": 8, "excluded_lines": 0}, "missing_lines": [1, 2, 3, 4, 6, 9, 37, 52], "excluded_lines": []}}, "classes": {"": {"executed_lines": [], "summary": {"covered_lines": 0, "num_statements": 28, "percent_covered": 0.0, "percent_covered_display": "0", "missing_lines": 28, "excluded_lines": 0}, "missing_lines": [1, 2, 3, 4, 6, 9, 18, 20, 22, 34, 37, 38, 39, 41, 43, 44, 48, 49, 52, 53, 54, 58, 62, 66, 67, 68, 69, 71], "excluded_lines": []}}}, "src\\projeto_maximizacao_receita\\stats\\__init__.py": {"executed_lines": [], "summary": {"covered_lines": 0, "num_statements": 0, "percent_covered": 100.0, "percent_covered_display": "100", "missing_lines": 0, "excluded_lines": 0}, "missing_lines": [], "excluded_lines": [], "functions": {"": {"executed_lines": [], "summary": {"covered_lines": 0, "num_statements": 0, "percent_covered": 100.0, "percent_covered_display": "100", "missing_lines": 0, "excluded_lines": 0}, "missing_lines": [], "excluded_lines": []}}, "classes": {"": {"executed_lines": [], "summary": {"covered_lines": 0, "num_statements": 0, "percent_covered": 100.0, "percent_covered_display": "100", "missing_lines": 0, "excluded_lines": 0}, "missing_lines": [], "excluded_lines": []}}}, "src\\projeto_maximizacao_receita\\stats\\auxiliares_testes.py": {"executed_lines": [], "summary": {"covered_lines": 0, "num_statements": 119, "percent_covered": 0.0, "percent_covered_display": "0", "missing_lines": 119, "excluded_lines": 0}, "missing_lines": [1, 3, 4, 5, 6, 7, 26, 45, 47, 48, 49, 53, 54, 58, 59, 63, 69, 70, 77, 87, 89, 90, 91, 93, 94, 95, 97, 99, 105, 106, 107, 108, 109, 110, 111, 113, 121, 122, 124, 130, 131, 132, 134, 140, 141, 143, 145, 148, 149, 150, 151, 152, 153, 154, 155, 156, 162, 168, 169, 176, 177, 178, 180, 186, 191, 192, 198, 199, 200, 202, 208, 212, 213, 217, 218, 219, 221, 227, 232, 233, 239, 240, 241, 243, 249, 254, 255, 261, 262, 263, 265, 271, 275, 276, 281, 282, 283, 285, 291, 295, 296, 301, 302, 303, 305, 311, 322, 327, 329, 330, 332, 333, 335, 336, 337, 339, 341, 348, 349], "excluded_lines": [], "functions": {"tabela_distribuicao_frequencias": {"executed_lines": [], "summary": {"covered_lines": 0, "num_statements": 9, "percent_covered": 0.0, "percent_covered_display": "0", "missing_lines": 9, "excluded_lines": 0}, "missing_lines": [45, 47, 48, 49, 53, 54, 58, 59, 63], "excluded_lines": []}, "composicao_histograma_boxplot": {"executed_lines": [], "summary": {"covered_lines": 0, "num_statements": 11, "percent_covered": 0.0, "percent_covered_display": "0", "missing_lines": 11, "excluded_lines": 0}, "missing_lines": [70, 77, 87, 89, 90, 91, 93, 94, 95, 97, 99], "excluded_lines": []}, "analise_shapiro": {"executed_lines": [], "summary": {"covered_lines": 0, "num_statements": 7, "percent_covered": 0.0, "percent_covered_display": "0", "missing_lines": 7, "excluded_lines": 0}, "missing_lines": [106, 107, 108, 109, 110, 111, 113], "excluded_lines": []}, "analise_levene": {"executed_lines": [], "summary": {"covered_lines": 0, "num_statements": 6, "percent_covered": 0.0, "percent_covered_display": "0", "missing_lines": 6, "excluded_lines": 0}, "missing_lines": [122, 124, 130, 131, 132, 134], "excluded_lines": []}, "analises_shapiro_levene": {"executed_lines": [], "summary": {"covered_lines": 0, "num_statements": 3, "percent_covered": 0.0, "percent_covered_display": "0", "missing_lines": 3, "excluded_lines": 0}, "missing_lines": [141, 143, 145], "excluded_lines": []}, "teste_z": {"executed_lines": [], "summary": {"covered_lines": 0, "num_statements": 8, "percent_covered": 0.0, "percent_covered_display": "0", "missing_lines": 8, "excluded_lines": 0}, "missing_lines": [149, 150, 151, 152, 153, 154, 155, 156], "excluded_lines": []}, "analise_ttest_ind": {"executed_lines": [], "summary": {"covered_lines": 0, "num_statements": 6, "percent_covered": 0.0, "percent_covered_display": "0", "missing_lines": 6, "excluded_lines": 0}, "missing_lines": [168, 169, 176, 177, 178, 180], "excluded_lines": []}, "analise_ttest_rel": {"executed_lines": [], "summary": {"covered_lines": 0, "num_statements": 6, "percent_covered": 0.0, "percent_covered_display": "0", "missing_lines": 6, "excluded_lines": 0}, "missing_lines": [191, 192, 198, 199, 200, 202], "excluded_lines": []}, "analise_anova_one_way": {"executed_lines": [], "summary": {"covered_lines": 0, "num_statements": 6, "percent_covered": 0.0, "percent_covered_display": "0", "missing_lines": 6, "excluded_lines": 0}, "missing_lines": [212, 213, 217, 218, 219, 221], "excluded_lines": []}, "analise_wilcoxon": {"executed_lines": [], "summary": {"covered_lines": 0, "num_statements": 6, "percent_covered": 0.0, "percent_covered_display": "0", "missing_lines": 6, "excluded_lines": 0}, "missing_lines": [232, 233, 239, 240, 241, 243], "excluded_lines": []}, "analise_mannwhitneyu": {"executed_lines": [], "summary": {"covered_lines": 0, "num_statements": 6, "percent_covered": 0.0, "percent_covered_display": "0", "missing_lines": 6, "excluded_lines": 0}, "missing_lines": [254, 255, 261, 262, 263, 265], "excluded_lines": []}, "analise_friedman": {"executed_lines": [], "summary": {"covered_lines": 0, "num_statements": 6, "percent_covered": 0.0, "percent_covered_display": "0", "missing_lines": 6, "excluded_lines": 0}, "missing_lines": [275, 276, 281, 282, 283, 285], "excluded_lines": []}, "analise_kruskal": {"executed_lines": [], "summary": {"covered_lines": 0, "num_statements": 6, "percent_covered": 0.0, "percent_covered_display": "0", "missing_lines": 6, "excluded_lines": 0}, "missing_lines": [295, 296, 301, 302, 303, 305], "excluded_lines": []}, "testar_normalidade": {"executed_lines": [], "summary": {"covered_lines": 0, "num_statements": 13, "percent_covered": 0.0, "percent_covered_display": "0", "missing_lines": 13, "excluded_lines": 0}, "missing_lines": [322, 327, 329, 330, 332, 333, 335, 336, 337, 339, 341, 348, 349], "excluded_lines": []}, "": {"executed_lines": [], "summary": {"covered_lines": 0, "num_statements": 20, "percent_covered": 0.0, "percent_covered_display": "0", "missing_lines": 20, "excluded_lines": 0}, "missing_lines": [1, 3, 4, 5, 6, 7, 26, 69, 105, 121, 140, 148, 162, 186, 208, 227, 249, 271, 291, 311], "excluded_lines": []}}, "classes": {"": {"executed_lines": [], "summary": {"covered_lines": 0, "num_statements": 119, "percent_covered": 0.0, "percent_covered_display": "0", "missing_lines": 119, "excluded_lines": 0}, "missing_lines": [1, 3, 4, 5, 6, 7, 26, 45, 47, 48, 49, 53, 54, 58, 59, 63, 69, 70, 77, 87, 89, 90, 91, 93, 94, 95, 97, 99, 105, 106, 107, 108, 109, 110, 111, 113, 121, 122, 124, 130, 131, 132, 134, 140, 141, 143, 145, 148, 149, 150, 151, 152, 153, 154, 155, 156, 162, 168, 169, 176, 177, 178, 180, 186, 191, 192, 198, 199, 200, 202, 208, 212, 213, 217, 218, 219, 221, 227, 232, 233, 239, 240, 241, 243, 249, 254, 255, 261, 262, 263, 265, 271, 275, 276, 281, 282, 283, 285, 291, 295, 296, 301, 302, 303, 305, 311, 322, 327, 329, 330, 332, 333, 335, 336, 337, 339, 341, 348, 349], "excluded_lines": []}}}, "src\\projeto_maximizacao_receita\\utils\\__init__.py": {"executed_lines": [], "summary": {"covered_lines": 0, "num_statements": 0, "percent_covered": 100.0, "percent_covered_display": "100", "missing_lines": 0, "excluded_lines": 0}, "missing_lines": [], "excluded_lines": [], "functions": {"": {"executed_lines": [], "summary": {"covered_lines": 0, "num_statements": 0, "percent_covered": 100.0, "percent_covered_display": "100", "missing_lines": 0, "excluded_lines": 0}, "missing_lines": [], "excluded_lines": []}}, "classes": {"": {"executed_lines": [], "summary": {"covered_lines": 0, "num_statements": 0, "percent_covered": 100.0, "percent_covered_display": "100", "missing_lines": 0, "excluded_lines": 0}, "missing_lines": [], "excluded_lines": []}}}, "src\\projeto_maximizacao_receita\\utils\\auxiliares.py": {"executed_lines": [], "summary": {"covered_lines": 0, "num_statements": 3, "percent_covered": 0.0, "percent_covered_display": "0", "missing_lines": 3, "excluded_lines": 0}, "missing_lines": [1, 4, 5], "excluded_lines": [], "functions": {"dataframe_coeficientes": {"executed_lines": [], "summary": {"covered_lines": 0, "num_statements": 1, "percent_covered": 0.0, "percent_covered_display": "0", "missing_lines": 1, "excluded_lines": 0}, "missing_lines": [5], "excluded_lines": []}, "": {"executed_lines": [], "summary": {"covered_lines": 0, "num_statements": 2, "percent_covered": 0.0, "percent_covered_display": "0", "missing_lines": 2, "excluded_lines": 0}, "missing_lines": [1, 4], "excluded_lines": []}}, "classes": {"": {"executed_lines": [], "summary": {"covered_lines": 0, "num_statements": 3, "percent_covered": 0.0, "percent_covered_display": "0", "missing_lines": 3, "excluded_lines": 0}, "missing_lines": [1, 4, 5], "excluded_lines": []}}}, "src\\projeto_maximizacao_receita\\viz\\__init__.py": {"executed_lines": [], "summary": {"covered_lines": 0, "num_statements": 0, "percent_covered": 100.0, "percent_covered_display": "100", "missing_lines": 0, "excluded_lines": 0}, "missing_lines": [], "excluded_lines": [], "functions": {"": {"executed_lines": [], "summary": {"covered_lines": 0, "num_statements": 0, "percent_covered": 100.0, "percent_covered_display": "100", "missing_lines": 0, "excluded_lines": 0}, "missing_lines": [], "excluded_lines": []}}, "classes": {"": {"executed_lines": [], "summary": {"covered_lines": 0, "num_statements": 0, "percent_covered": 100.0, "percent_covered_display": "100", "missing_lines": 0, "excluded_lines": 0}, "missing_lines": [], "excluded_lines": []}}}, "src\\projeto_maximizacao_receita\\viz\\graficos.py": {"executed_lines": [], "summary": {"covered_lines": 0, "num_statements": 29, "percent_covered": 0.0, "percent_covered_display": "0", "missing_lines": 29, "excluded_lines": 0}, "missing_lines": [1, 2, 3, 6, 7, 9, 10, 11, 13, 15, 18, 19, 21, 22, 24, 30, 37, 39, 42, 43, 45, 52, 59, 60, 67, 68, 69, 71, 73], "excluded_lines": [], "functions": {"plot_coeficientes": {"executed_lines": [], "summary": {"covered_lines": 0, "num_statements": 6, "percent_covered": 0.0, "percent_covered_display": "0", "missing_lines": 6, "excluded_lines": 0}, "missing_lines": [7, 9, 10, 11, 13, 15], "excluded_lines": []}, "plot_residuos": {"executed_lines": [], "summary": {"covered_lines": 0, "num_statements": 7, "percent_covered": 0.0, "percent_covered_display": "0", "missing_lines": 7, "excluded_lines": 0}, "missing_lines": [19, 21, 22, 24, 30, 37, 39], "excluded_lines": []}, "plot_comparar_metricas_modelos": {"executed_lines": [], "summary": {"covered_lines": 0, "num_statements": 10, "percent_covered": 0.0, "percent_covered_display": "0", "missing_lines": 10, "excluded_lines": 0}, "missing_lines": [43, 45, 52, 59, 60, 67, 68, 69, 71, 73], "excluded_lines": []}, "": {"executed_lines": [], "summary": {"covered_lines": 0, "num_statements": 6, "percent_covered": 0.0, "percent_covered_display": "0", "missing_lines": 6, "excluded_lines": 0}, "missing_lines": [1, 2, 3, 6, 18, 42], "excluded_lines": []}}, "classes": {"": {"executed_lines": [], "summary": {"covered_lines": 0, "num_statements": 29, "percent_covered": 0.0, "percent_covered_display": "0", "missing_lines": 29, "excluded_lines": 0}, "missing_lines": [1, 2, 3, 6, 7, 9, 10, 11, 13, 15, 18, 19, 21, 22, 24, 30, 37, 39, 42, 43, 45, 52, 59, 60, 67, 68, 69, 71, 73], "excluded_lines": []}}}, "src\\train.py": {"executed_lines": [1, 2, 3, 4, 5, 6, 8, 9, 10, 11, 12, 13, 14, 15, 16, 18, 19, 25, 26, 27, 29, 33, 34, 35, 37, 42, 45, 130, 148, 149, 155, 158, 159, 162, 166, 167, 169, 170, 172, 181, 184, 185, 186, 188, 189, 191, 195, 196, 198, 199, 200, 202, 205, 220, 249], "summary": {"covered_lines": 55, "num_statements": 138, "percent_covered": 39.85507246376812, "percent_covered_display": "40", "missing_lines": 83, "excluded_lines": 0}, "missing_lines": [30, 31, 38, 39, 47, 48, 50, 51, 52, 53, 54, 56, 57, 59, 62, 67, 68, 69, 70, 71, 72, 73, 75, 78, 80, 81, 83, 84, 85, 86, 88, 92, 94, 95, 99, 100, 103, 107, 111, 112, 113, 114, 115, 118, 119, 120, 121, 122, 123, 126, 127, 131, 132, 133, 134, 135, 137, 145, 150, 153, 206, 207, 208, 210, 211, 213, 214, 215, 217, 221, 223, 224, 233, 234, 236, 238, 240, 241, 242, 244, 245, 246, 250], "excluded_lines": [], "functions": {"setup_tracking": {"executed_lines": [], "summary": {"covered_lines": 0, "num_statements": 46, "percent_covered": 0.0, "percent_covered_display": "0", "missing_lines": 46, "excluded_lines": 0}, "missing_lines": [47, 48, 50, 51, 52, 53, 54, 56, 59, 62, 67, 68, 69, 70, 71, 72, 73, 75, 78, 80, 81, 83, 84, 85, 86, 88, 92, 94, 95, 99, 100, 103, 107, 111, 112, 113, 114, 115, 118, 119, 120, 121, 122, 123, 126, 127], "excluded_lines": []}, "setup_tracking._truthy": {"executed_lines": [], "summary": {"covered_lines": 0, "num_statements": 1, "percent_covered": 0.0, "percent_covered_display": "0", "missing_lines": 1, "excluded_lines": 0}, "missing_lines": [57], "excluded_lines": []}, "_synthetic_df": {"executed_lines": [], "summary": {"covered_lines": 0, "num_statements": 7, "percent_covered": 0.0, "percent_covered_display": "0", "missing_lines": 7, "excluded_lines": 0}, "missing_lines": [131, 132, 133, 134, 135, 137, 145], "excluded_lines": []}, "load_and_prepare_data": {"executed_lines": [149, 155, 158, 159, 162, 166, 167, 169, 170, 172, 181], "summary": {"covered_lines": 11, "num_statements": 13, "percent_covered": 84.61538461538461, "percent_covered_display": "85", "missing_lines": 2, "excluded_lines": 0}, "missing_lines": [150, 153], "excluded_lines": []}, "train_and_evaluate": {"executed_lines": [185, 186, 188, 189, 191, 195, 196, 198, 199, 200, 202], "summary": {"covered_lines": 11, "num_statements": 11, "percent_covered": 100.0, "percent_covered_display": "100", "missing_lines": 0, "excluded_lines": 0}, "missing_lines": [], "excluded_lines": []}, "save_artifacts": {"executed_lines": [], "summary": {"covered_lines": 0, "num_statements": 9, "percent_covered": 0.0, "percent_covered_display": "0", "missing_lines": 9, "excluded_lines": 0}, "missing_lines": [206, 207, 208, 210, 211, 213, 214, 215, 217], "excluded_lines": []}, "main": {"executed_lines": [], "summary": {"covered_lines": 0, "num_statements": 13, "percent_covered": 0.0, "percent_covered_display": "0", "missing_lines": 13, "excluded_lines": 0}, "missing_lines": [221, 223, 224, 233, 234, 236, 238, 240, 241, 242, 244, 245, 246], "excluded_lines": []}, "": {"executed_lines": [1, 2, 3, 4, 5, 6, 8, 9, 10, 11, 12, 13, 14, 15, 16, 18, 19, 25, 26, 27, 29, 33, 34, 35, 37, 42, 45, 130, 148, 184, 205, 220, 249], "summary": {"covered_lines": 33, "num_statements": 38, "percent_covered": 86.84210526315789, "percent_covered_display": "87", "missing_lines": 5, "excluded_lines": 0}, "missing_lines": [30, 31, 38, 39, 250], "excluded_lines": []}}, "classes": {"": {"executed_lines": [1, 2, 3, 4, 5, 6, 8, 9, 10, 11, 12, 13, 14, 15, 16, 18, 19, 25, 26, 27, 29, 33, 34, 35, 37, 42, 45, 130, 148, 149, 155, 158, 159, 162, 166, 167, 169, 170, 172, 181, 184, 185, 186, 188, 189, 191, 195, 196, 198, 199, 200, 202, 205, 220, 249], "summary": {"covered_lines": 55, "num_statements": 138, "percent_covered": 39.85507246376812, "percent_covered_display": "40", "missing_lines": 83, "excluded_lines": 0}, "missing_lines": [30, 31, 38, 39, 47, 48, 50, 51, 52, 53, 54, 56, 57, 59, 62, 67, 68, 69, 70, 71, 72, 73, 75, 78, 80, 81, 83, 84, 85, 86, 88, 92, 94, 95, 99, 100, 103, 107, 111, 112, 113, 114, 115, 118, 119, 120, 121, 122, 123, 126, 127, 131, 132, 133, 134, 135, 137, 145, 150, 153, 206, 207, 208, 210, 211, 213, 214, 215, 217, 221, 223, 224, 233, 234, 236, 238, 240, 241, 242, 244, 245, 246, 250], "excluded_lines": []}}}}, "totals": {"covered_lines": 70, "num_statements": 536, "percent_covered": 13.059701492537313, "percent_covered_display": "13", "missing_lines": 466, "excluded_lines": 0}}